
> om-kebab@0.1.0 build
> next build

Î“Ă»â–“ Next.js 16.2.1 (Turbopack)
- Environments: .env

Î“ĂśĂˇ The "middleware" file convention is deprecated. Please use "proxy" instead. Learn more: https://nextjs.org/docs/messages/middleware-to-proxy
  Creating an optimized production build ...
Î“ÂŁĂ´ Compiled successfully in 2.7s
  Running TypeScript ...
  Finished TypeScript in 2.6s ...
  Collecting page data using 15 workers ...
  Generating static pages using 15 workers (0/9) ...
  Generating static pages using 15 workers (2/9) 
  Generating static pages using 15 workers (4/9) 
  Generating static pages using 15 workers (6/9) 
Î“ÂŁĂ´ Generating static pages using 15 workers (9/9) in 240ms
  Finalizing page optimization ...

Route (app)
Î“Ă¶Ă® â•žĂ† /
Î“Ă¶ÂŁ Î“ĂąĂŻ /_not-found
Î“Ă¶ÂŁ â•žĂ† /api/auth/login
Î“Ă¶ÂŁ â•žĂ† /api/auth/logout
Î“Ă¶ÂŁ â•žĂ† /api/auth/me
Î“Ă¶ÂŁ â•žĂ† /api/branches
Î“Ă¶ÂŁ â•žĂ† /api/dashboard
Î“Ă¶ÂŁ â•žĂ† /api/products
Î“Ă¶ÂŁ â•žĂ† /api/products/[id]
Î“Ă¶ÂŁ â•žĂ† /api/transactions
Î“Ă¶ÂŁ â•žĂ† /api/transactions/[id]
Î“Ă¶ÂŁ Î“ĂąĂŻ /dashboard
Î“Ă¶ÂŁ Î“ĂąĂŻ /login
Î“Ă¶ÂŁ Î“ĂąĂŻ /penjualan
Î“Ă¶ÂŁ Î“ĂąĂŻ /produk
Î“Ă¶Ă¶ Î“ĂąĂŻ /transaksi


â•žĂ† Proxy (Middleware)

Î“ĂąĂŻ  (Static)   prerendered as static content
â•žĂ†  (Dynamic)  server-rendered on demand

